# JRE version: Java(TM) SE Runtime Environment (8.0_101-b13) (build 1.8.0_101-b13)
# Java VM: Java HotSpot(TM) 64-Bit Server VM (25.101-b13 mixed mode windows-amd64 compressed oops)
Heap:
 PSYoungGen      total 650240K, used 29188K [0x00000000d5980000, 0x00000000ffc00000, 0x0000000100000000)
  eden space 607232K, 2% used [0x00000000d5980000,0x00000000d66e25a0,0x00000000faa80000)
  from space 43008K, 36% used [0x00000000faa80000,0x00000000fb99ee38,0x00000000fd480000)
  to   space 40448K, 0% used [0x00000000fd480000,0x00000000fd480000,0x00000000ffc00000)
 ParOldGen       total 136192K, used 100971K [0x0000000080c00000, 0x0000000089100000, 0x00000000d5980000)
  object space 136192K, 74% used [0x0000000080c00000,0x0000000086e9ac48,0x0000000089100000)
 Metaspace       used 29317K, capacity 29648K, committed 30080K, reserved 1075200K
  class space    used 3864K, capacity 3955K, committed 3968K, reserved 1048576K
GC Heap History (10 events):
Event: 15.708 GC heap before
{Heap before GC invocations=12 (full 1):
 PSYoungGen      total 411136K, used 392379K [0x00000000d5980000, 0x00000000f1980000, 0x0000000100000000)
  eden space 367616K, 100% used [0x00000000d5980000,0x00000000ec080000,0x00000000ec080000)
  from space 43520K, 56% used [0x00000000eef00000,0x00000000f072efa8,0x00000000f1980000)
  to   space 45568K, 0% used [0x00000000ec080000,0x00000000ec080000,0x00000000eed00000)
 ParOldGen       total 136192K, used 75286K [0x0000000080c00000, 0x0000000089100000, 0x00000000d5980000)
  object space 136192K, 55% used [0x0000000080c00000,0x0000000085585a20,0x0000000089100000)
 Metaspace       used 27177K, capacity 27512K, committed 27904K, reserved 1073152K
  class space    used 3655K, capacity 3757K, committed 3840K, reserved 1048576K
Event: 15.719 GC heap after
Heap after GC invocations=12 (full 1):
 PSYoungGen      total 413184K, used 4504K [0x00000000d5980000, 0x00000000fcf00000, 0x0000000100000000)
  eden space 367616K, 0% used [0x00000000d5980000,0x00000000d5980000,0x00000000ec080000)
  from space 45568K, 9% used [0x00000000ec080000,0x00000000ec4e61a8,0x00000000eed00000)
  to   space 45056K, 0% used [0x00000000fa300000,0x00000000fa300000,0x00000000fcf00000)
 ParOldGen       total 136192K, used 92502K [0x0000000080c00000, 0x0000000089100000, 0x00000000d5980000)
  object space 136192K, 67% used [0x0000000080c00000,0x0000000086655828,0x0000000089100000)
 Metaspace       used 27177K, capacity 27512K, committed 27904K, reserved 1073152K
  class space    used 3655K, capacity 3757K, committed 3840K, reserved 1048576K
}
Event: 18.033 GC heap before
{Heap before GC invocations=13 (full 1):
 PSYoungGen      total 413184K, used 372120K [0x00000000d5980000, 0x00000000fcf00000, 0x0000000100000000)
  eden space 367616K, 100% used [0x00000000d5980000,0x00000000ec080000,0x00000000ec080000)
  from space 45568K, 9% used [0x00000000ec080000,0x00000000ec4e61a8,0x00000000eed00000)
  to   space 45056K, 0% used [0x00000000fa300000,0x00000000fa300000,0x00000000fcf00000)
 ParOldGen       total 136192K, used 92502K [0x0000000080c00000, 0x0000000089100000, 0x00000000d5980000)
  object space 136192K, 67% used [0x0000000080c00000,0x0000000086655828,0x0000000089100000)
 Metaspace       used 28392K, capacity 28702K, committed 29056K, reserved 1075200K
  class space    used 3819K, capacity 3920K, committed 3968K, reserved 1048576K
Event: 18.038 GC heap after
Heap after GC invocations=13 (full 1):
 PSYoungGen      total 581120K, used 6032K [0x00000000d5980000, 0x00000000fc500000, 0x0000000100000000)
  eden space 546304K, 0% used [0x00000000d5980000,0x00000000d5980000,0x00000000f6f00000)
  from space 34816K, 17% used [0x00000000fa300000,0x00000000fa8e4010,0x00000000fc500000)
  to   space 44032K, 0% used [0x00000000f6f00000,0x00000000f6f00000,0x00000000f9a00000)
 ParOldGen       total 136192K, used 92849K [0x0000000080c00000, 0x0000000089100000, 0x00000000d5980000)
  object space 136192K, 68% used [0x0000000080c00000,0x00000000866ac538,0x0000000089100000)
 Metaspace       used 28392K, capacity 28702K, committed 29056K, reserved 1075200K
  class space    used 3819K, capacity 3920K, committed 3968K, reserved 1048576K
}
Event: 19.263 GC heap before
{Heap before GC invocations=14 (full 1):
 PSYoungGen      total 581120K, used 552336K [0x00000000d5980000, 0x00000000fc500000, 0x0000000100000000)
  eden space 546304K, 100% used [0x00000000d5980000,0x00000000f6f00000,0x00000000f6f00000)
  from space 34816K, 17% used [0x00000000fa300000,0x00000000fa8e4010,0x00000000fc500000)
  to   space 44032K, 0% used [0x00000000f6f00000,0x00000000f6f00000,0x00000000f9a00000)
 ParOldGen       total 136192K, used 92849K [0x0000000080c00000, 0x0000000089100000, 0x00000000d5980000)
  object space 136192K, 68% used [0x0000000080c00000,0x00000000866ac538,0x0000000089100000)
 Metaspace       used 28442K, capacity 28766K, committed 29312K, reserved 1075200K
  class space    used 3819K, capacity 3920K, committed 3968K, reserved 1048576K
Event: 19.273 GC heap after
Heap after GC invocations=14 (full 1):
 PSYoungGen      total 590336K, used 3024K [0x00000000d5980000, 0x0000000100000000, 0x0000000100000000)
  eden space 546304K, 0% used [0x00000000d5980000,0x00000000d5980000,0x00000000f6f00000)
  from space 44032K, 6% used [0x00000000f6f00000,0x00000000f71f4010,0x00000000f9a00000)
  to   space 43520K, 0% used [0x00000000fd580000,0x00000000fd580000,0x0000000100000000)
 ParOldGen       total 136192K, used 98841K [0x0000000080c00000, 0x0000000089100000, 0x00000000d5980000)
  object space 136192K, 72% used [0x0000000080c00000,0x0000000086c86588,0x0000000089100000)
 Metaspace       used 28442K, capacity 28766K, committed 29312K, reserved 1075200K
  class space    used 3819K, capacity 3920K, committed 3968K, reserved 1048576K
}
Event: 20.291 GC heap before
{Heap before GC invocations=15 (full 1):
 PSYoungGen      total 590336K, used 549328K [0x00000000d5980000, 0x0000000100000000, 0x0000000100000000)
  eden space 546304K, 100% used [0x00000000d5980000,0x00000000f6f00000,0x00000000f6f00000)
  from space 44032K, 6% used [0x00000000f6f00000,0x00000000f71f4010,0x00000000f9a00000)
  to   space 43520K, 0% used [0x00000000fd580000,0x00000000fd580000,0x0000000100000000)
 ParOldGen       total 136192K, used 98841K [0x0000000080c00000, 0x0000000089100000, 0x00000000d5980000)
  object space 136192K, 72% used [0x0000000080c00000,0x0000000086c86588,0x0000000089100000)
 Metaspace       used 28449K, capacity 28766K, committed 29312K, reserved 1075200K
  class space    used 3820K, capacity 3920K, committed 3968K, reserved 1048576K
Event: 20.296 GC heap after
Heap after GC invocations=15 (full 1):
 PSYoungGen      total 649216K, used 2368K [0x00000000d5980000, 0x00000000ffe80000, 0x0000000100000000)
  eden space 607232K, 0% used [0x00000000d5980000,0x00000000d5980000,0x00000000faa80000)
  from space 41984K, 5% used [0x00000000fd580000,0x00000000fd7d0000,0x00000000ffe80000)
  to   space 43008K, 0% used [0x00000000faa80000,0x00000000faa80000,0x00000000fd480000)
 ParOldGen       total 136192K, used 100654K [0x0000000080c00000, 0x0000000089100000, 0x00000000d5980000)
  object space 136192K, 73% used [0x0000000080c00000,0x0000000086e4b8f0,0x0000000089100000)
 Metaspace       used 28449K, capacity 28766K, committed 29312K, reserved 1075200K
  class space    used 3820K, capacity 3920K, committed 3968K, reserved 1048576K
}
Event: 28.413 GC heap before
{Heap before GC invocations=16 (full 1):
 PSYoungGen      total 649216K, used 609600K [0x00000000d5980000, 0x00000000ffe80000, 0x0000000100000000)
  eden space 607232K, 100% used [0x00000000d5980000,0x00000000faa80000,0x00000000faa80000)
  from space 41984K, 5% used [0x00000000fd580000,0x00000000fd7d0000,0x00000000ffe80000)
  to   space 43008K, 0% used [0x00000000faa80000,0x00000000faa80000,0x00000000fd480000)
 ParOldGen       total 136192K, used 100654K [0x0000000080c00000, 0x0000000089100000, 0x00000000d5980000)
  object space 136192K, 73% used [0x0000000080c00000,0x0000000086e4b8f0,0x0000000089100000)
 Metaspace       used 29278K, capacity 29584K, committed 30080K, reserved 1075200K
  class space    used 3864K, capacity 3955K, committed 3968K, reserved 1048576K
Event: 28.424 GC heap after
Heap after GC invocations=16 (full 1):
 PSYoungGen      total 650240K, used 15483K [0x00000000d5980000, 0x00000000ffc00000, 0x0000000100000000)
  eden space 607232K, 0% used [0x00000000d5980000,0x00000000d5980000,0x00000000faa80000)
  from space 43008K, 36% used [0x00000000faa80000,0x00000000fb99ee38,0x00000000fd480000)
  to   space 40448K, 0% used [0x00000000fd480000,0x00000000fd480000,0x00000000ffc00000)
 ParOldGen       total 136192K, used 100971K [0x0000000080c00000, 0x0000000089100000, 0x00000000d5980000)
  object space 136192K, 74% used [0x0000000080c00000,0x0000000086e9ac48,0x0000000089100000)
 Metaspace       used 29278K, capacity 29584K, committed 30080K, reserved 1075200K
  class space    used 3864K, capacity 3955K, committed 3968K, reserved 1048576K
}

